C:\USERS\MARKO\GOOGLE DRIVE\SCHOOL\07012 STRUKTURE PODATAKA I ALGORITMI\VJEZBE_02\VJEZBA_05\DEBUG\MAIN.OBJ
C:\USERS\MARKO\GOOGLE DRIVE\SCHOOL\07012 STRUKTURE PODATAKA I ALGORITMI\VJEZBE_02\VJEZBA_05\DEBUG\VC110.PDB
C:\USERS\MARKO\GOOGLE DRIVE\SCHOOL\07012 STRUKTURE PODATAKA I ALGORITMI\VJEZBE_02\DEBUG\VJEZBA_05.ILK
C:\USERS\MARKO\GOOGLE DRIVE\SCHOOL\07012 STRUKTURE PODATAKA I ALGORITMI\VJEZBE_02\DEBUG\VJEZBA_05.EXE
C:\USERS\MARKO\GOOGLE DRIVE\SCHOOL\07012 STRUKTURE PODATAKA I ALGORITMI\VJEZBE_02\DEBUG\VJEZBA_05.PDB
C:\Users\Marko\Google disk\School\07012 Strukture podataka i algoritmi\Vjezbe_02\Vjezba_05\Debug\main.obj
C:\Users\Marko\Google disk\School\07012 Strukture podataka i algoritmi\Vjezbe_02\Vjezba_05\Debug\cl.command.1.tlog
C:\Users\Marko\Google disk\School\07012 Strukture podataka i algoritmi\Vjezbe_02\Vjezba_05\Debug\CL.read.1.tlog
C:\Users\Marko\Google disk\School\07012 Strukture podataka i algoritmi\Vjezbe_02\Vjezba_05\Debug\CL.write.1.tlog
C:\Users\Marko\Google disk\School\07012 Strukture podataka i algoritmi\Vjezbe_02\Vjezba_05\Debug\link-cvtres.read.1.tlog
C:\Users\Marko\Google disk\School\07012 Strukture podataka i algoritmi\Vjezbe_02\Vjezba_05\Debug\link-cvtres.write.1.tlog
C:\Users\Marko\Google disk\School\07012 Strukture podataka i algoritmi\Vjezbe_02\Vjezba_05\Debug\link-rc.read.1.tlog
C:\Users\Marko\Google disk\School\07012 Strukture podataka i algoritmi\Vjezbe_02\Vjezba_05\Debug\link-rc.write.1.tlog
C:\Users\Marko\Google disk\School\07012 Strukture podataka i algoritmi\Vjezbe_02\Vjezba_05\Debug\link.4128-cvtres.read.1.tlog
C:\Users\Marko\Google disk\School\07012 Strukture podataka i algoritmi\Vjezbe_02\Vjezba_05\Debug\link.4128-cvtres.write.1.tlog
C:\Users\Marko\Google disk\School\07012 Strukture podataka i algoritmi\Vjezbe_02\Vjezba_05\Debug\link.4128-rc.read.1.tlog
C:\Users\Marko\Google disk\School\07012 Strukture podataka i algoritmi\Vjezbe_02\Vjezba_05\Debug\link.4128-rc.write.1.tlog
C:\Users\Marko\Google disk\School\07012 Strukture podataka i algoritmi\Vjezbe_02\Vjezba_05\Debug\link.4128.read.1.tlog
C:\Users\Marko\Google disk\School\07012 Strukture podataka i algoritmi\Vjezbe_02\Vjezba_05\Debug\link.4128.write.1.tlog
C:\Users\Marko\Google disk\School\07012 Strukture podataka i algoritmi\Vjezbe_02\Vjezba_05\Debug\link.command.1.tlog
C:\Users\Marko\Google disk\School\07012 Strukture podataka i algoritmi\Vjezbe_02\Vjezba_05\Debug\link.read.1.tlog
C:\Users\Marko\Google disk\School\07012 Strukture podataka i algoritmi\Vjezbe_02\Vjezba_05\Debug\link.write.1.tlog
C:\Users\Marko\Google disk\School\07012 Strukture podataka i algoritmi\Vjezbe_02\Vjezba_05\Debug\vc110.idb
C:\Users\Marko\Google disk\School\07012 Strukture podataka i algoritmi\Vjezbe_02\Vjezba_05\Debug\vc110.pdb
C:\Users\Marko\Google disk\School\07012 Strukture podataka i algoritmi\Vjezbe_02\Debug\Vjezba_05.pdb
C:\Users\Marko\Google disk\School\07012 Strukture podataka i algoritmi\Vjezbe_02\Debug\Vjezba_05.exe
C:\Users\Marko\Google disk\School\07012 Strukture podataka i algoritmi\Vjezbe_02\Debug\Vjezba_05.ilk
