C:\USERS\MARKO\GOOGLE DRIVE\SCHOOL\07012 STRUKTURE PODATAKA I ALGORITMI\VJEZBE_02\VJEZBA_06\DEBUG\COUNTRY.OBJ
C:\USERS\MARKO\GOOGLE DRIVE\SCHOOL\07012 STRUKTURE PODATAKA I ALGORITMI\VJEZBE_02\VJEZBA_06\DEBUG\MAIN.OBJ
C:\USERS\MARKO\GOOGLE DRIVE\SCHOOL\07012 STRUKTURE PODATAKA I ALGORITMI\VJEZBE_02\VJEZBA_06\DEBUG\VC110.PDB
C:\USERS\MARKO\GOOGLE DRIVE\SCHOOL\07012 STRUKTURE PODATAKA I ALGORITMI\VJEZBE_02\DEBUG\VJEZBA_06.ILK
C:\USERS\MARKO\GOOGLE DRIVE\SCHOOL\07012 STRUKTURE PODATAKA I ALGORITMI\VJEZBE_02\DEBUG\VJEZBA_06.EXE
C:\USERS\MARKO\GOOGLE DRIVE\SCHOOL\07012 STRUKTURE PODATAKA I ALGORITMI\VJEZBE_02\DEBUG\VJEZBA_06.PDB
C:\Users\Marko\Google disk\School\07012 Strukture podataka i algoritmi\Vjezbe_02\Vjezba_06\Debug\Country.obj
C:\Users\Marko\Google disk\School\07012 Strukture podataka i algoritmi\Vjezbe_02\Vjezba_06\Debug\main.obj
C:\Users\Marko\Google disk\School\07012 Strukture podataka i algoritmi\Vjezbe_02\Vjezba_06\Debug\cl.command.1.tlog
C:\Users\Marko\Google disk\School\07012 Strukture podataka i algoritmi\Vjezbe_02\Vjezba_06\Debug\CL.read.1.tlog
C:\Users\Marko\Google disk\School\07012 Strukture podataka i algoritmi\Vjezbe_02\Vjezba_06\Debug\CL.write.1.tlog
C:\Users\Marko\Google disk\School\07012 Strukture podataka i algoritmi\Vjezbe_02\Vjezba_06\Debug\link-cvtres.read.1.tlog
C:\Users\Marko\Google disk\School\07012 Strukture podataka i algoritmi\Vjezbe_02\Vjezba_06\Debug\link-cvtres.write.1.tlog
C:\Users\Marko\Google disk\School\07012 Strukture podataka i algoritmi\Vjezbe_02\Vjezba_06\Debug\link-rc.read.1.tlog
C:\Users\Marko\Google disk\School\07012 Strukture podataka i algoritmi\Vjezbe_02\Vjezba_06\Debug\link-rc.write.1.tlog
C:\Users\Marko\Google disk\School\07012 Strukture podataka i algoritmi\Vjezbe_02\Vjezba_06\Debug\link.11064-cvtres.read.1.tlog
C:\Users\Marko\Google disk\School\07012 Strukture podataka i algoritmi\Vjezbe_02\Vjezba_06\Debug\link.11064-cvtres.write.1.tlog
C:\Users\Marko\Google disk\School\07012 Strukture podataka i algoritmi\Vjezbe_02\Vjezba_06\Debug\link.11064-rc.read.1.tlog
C:\Users\Marko\Google disk\School\07012 Strukture podataka i algoritmi\Vjezbe_02\Vjezba_06\Debug\link.11064-rc.write.1.tlog
C:\Users\Marko\Google disk\School\07012 Strukture podataka i algoritmi\Vjezbe_02\Vjezba_06\Debug\link.11064.read.1.tlog
C:\Users\Marko\Google disk\School\07012 Strukture podataka i algoritmi\Vjezbe_02\Vjezba_06\Debug\link.11064.write.1.tlog
C:\Users\Marko\Google disk\School\07012 Strukture podataka i algoritmi\Vjezbe_02\Vjezba_06\Debug\link.11612-cvtres.read.1.tlog
C:\Users\Marko\Google disk\School\07012 Strukture podataka i algoritmi\Vjezbe_02\Vjezba_06\Debug\link.11612-cvtres.write.1.tlog
C:\Users\Marko\Google disk\School\07012 Strukture podataka i algoritmi\Vjezbe_02\Vjezba_06\Debug\link.11612-rc.read.1.tlog
C:\Users\Marko\Google disk\School\07012 Strukture podataka i algoritmi\Vjezbe_02\Vjezba_06\Debug\link.11612-rc.write.1.tlog
C:\Users\Marko\Google disk\School\07012 Strukture podataka i algoritmi\Vjezbe_02\Vjezba_06\Debug\link.11612.read.1.tlog
C:\Users\Marko\Google disk\School\07012 Strukture podataka i algoritmi\Vjezbe_02\Vjezba_06\Debug\link.11612.write.1.tlog
C:\Users\Marko\Google disk\School\07012 Strukture podataka i algoritmi\Vjezbe_02\Vjezba_06\Debug\link.4740-cvtres.read.1.tlog
C:\Users\Marko\Google disk\School\07012 Strukture podataka i algoritmi\Vjezbe_02\Vjezba_06\Debug\link.4740-cvtres.write.1.tlog
C:\Users\Marko\Google disk\School\07012 Strukture podataka i algoritmi\Vjezbe_02\Vjezba_06\Debug\link.4740-rc.read.1.tlog
C:\Users\Marko\Google disk\School\07012 Strukture podataka i algoritmi\Vjezbe_02\Vjezba_06\Debug\link.4740-rc.write.1.tlog
C:\Users\Marko\Google disk\School\07012 Strukture podataka i algoritmi\Vjezbe_02\Vjezba_06\Debug\link.4740.read.1.tlog
C:\Users\Marko\Google disk\School\07012 Strukture podataka i algoritmi\Vjezbe_02\Vjezba_06\Debug\link.4740.write.1.tlog
C:\Users\Marko\Google disk\School\07012 Strukture podataka i algoritmi\Vjezbe_02\Vjezba_06\Debug\link.560-cvtres.read.1.tlog
C:\Users\Marko\Google disk\School\07012 Strukture podataka i algoritmi\Vjezbe_02\Vjezba_06\Debug\link.560-cvtres.write.1.tlog
C:\Users\Marko\Google disk\School\07012 Strukture podataka i algoritmi\Vjezbe_02\Vjezba_06\Debug\link.560-rc.read.1.tlog
C:\Users\Marko\Google disk\School\07012 Strukture podataka i algoritmi\Vjezbe_02\Vjezba_06\Debug\link.560-rc.write.1.tlog
C:\Users\Marko\Google disk\School\07012 Strukture podataka i algoritmi\Vjezbe_02\Vjezba_06\Debug\link.560.read.1.tlog
C:\Users\Marko\Google disk\School\07012 Strukture podataka i algoritmi\Vjezbe_02\Vjezba_06\Debug\link.560.write.1.tlog
C:\Users\Marko\Google disk\School\07012 Strukture podataka i algoritmi\Vjezbe_02\Vjezba_06\Debug\link.7836-cvtres.read.1.tlog
C:\Users\Marko\Google disk\School\07012 Strukture podataka i algoritmi\Vjezbe_02\Vjezba_06\Debug\link.7836-cvtres.write.1.tlog
C:\Users\Marko\Google disk\School\07012 Strukture podataka i algoritmi\Vjezbe_02\Vjezba_06\Debug\link.7836-rc.read.1.tlog
C:\Users\Marko\Google disk\School\07012 Strukture podataka i algoritmi\Vjezbe_02\Vjezba_06\Debug\link.7836-rc.write.1.tlog
C:\Users\Marko\Google disk\School\07012 Strukture podataka i algoritmi\Vjezbe_02\Vjezba_06\Debug\link.7836.read.1.tlog
C:\Users\Marko\Google disk\School\07012 Strukture podataka i algoritmi\Vjezbe_02\Vjezba_06\Debug\link.7836.write.1.tlog
C:\Users\Marko\Google disk\School\07012 Strukture podataka i algoritmi\Vjezbe_02\Vjezba_06\Debug\link.7880-cvtres.read.1.tlog
C:\Users\Marko\Google disk\School\07012 Strukture podataka i algoritmi\Vjezbe_02\Vjezba_06\Debug\link.7880-cvtres.write.1.tlog
C:\Users\Marko\Google disk\School\07012 Strukture podataka i algoritmi\Vjezbe_02\Vjezba_06\Debug\link.7880-rc.read.1.tlog
C:\Users\Marko\Google disk\School\07012 Strukture podataka i algoritmi\Vjezbe_02\Vjezba_06\Debug\link.7880-rc.write.1.tlog
C:\Users\Marko\Google disk\School\07012 Strukture podataka i algoritmi\Vjezbe_02\Vjezba_06\Debug\link.7880.read.1.tlog
C:\Users\Marko\Google disk\School\07012 Strukture podataka i algoritmi\Vjezbe_02\Vjezba_06\Debug\link.7880.write.1.tlog
C:\Users\Marko\Google disk\School\07012 Strukture podataka i algoritmi\Vjezbe_02\Vjezba_06\Debug\link.command.1.tlog
C:\Users\Marko\Google disk\School\07012 Strukture podataka i algoritmi\Vjezbe_02\Vjezba_06\Debug\link.read.1.tlog
C:\Users\Marko\Google disk\School\07012 Strukture podataka i algoritmi\Vjezbe_02\Vjezba_06\Debug\link.write.1.tlog
C:\Users\Marko\Google disk\School\07012 Strukture podataka i algoritmi\Vjezbe_02\Vjezba_06\Debug\vc110.idb
C:\Users\Marko\Google disk\School\07012 Strukture podataka i algoritmi\Vjezbe_02\Vjezba_06\Debug\vc110.pdb
C:\Users\Marko\Google disk\School\07012 Strukture podataka i algoritmi\Vjezbe_02\Debug\Vjezba_06.pdb
C:\Users\Marko\Google disk\School\07012 Strukture podataka i algoritmi\Vjezbe_02\Debug\Vjezba_06.exe
C:\Users\Marko\Google disk\School\07012 Strukture podataka i algoritmi\Vjezbe_02\Debug\Vjezba_06.ilk
