C:\USERS\MARKO\GOOGLE DRIVE\SCHOOL\07012 STRUKTURE PODATAKA I ALGORITMI\VJEZBE_02\VJEZBA_04\DEBUG\VC110.PDB
C:\USERS\MARKO\GOOGLE DRIVE\SCHOOL\07012 STRUKTURE PODATAKA I ALGORITMI\VJEZBE_02\VJEZBA_04\DEBUG\MAIN.OBJ
C:\USERS\MARKO\GOOGLE DRIVE\SCHOOL\07012 STRUKTURE PODATAKA I ALGORITMI\VJEZBE_02\DEBUG\VJEZBA_04.ILK
C:\USERS\MARKO\GOOGLE DRIVE\SCHOOL\07012 STRUKTURE PODATAKA I ALGORITMI\VJEZBE_02\DEBUG\VJEZBA_04.EXE
C:\USERS\MARKO\GOOGLE DRIVE\SCHOOL\07012 STRUKTURE PODATAKA I ALGORITMI\VJEZBE_02\DEBUG\VJEZBA_04.PDB
C:\Users\Marko\Google disk\School\07012 Strukture podataka i algoritmi\Vjezbe_02\Vjezba_04\Debug\main.obj
C:\Users\Marko\Google disk\School\07012 Strukture podataka i algoritmi\Vjezbe_02\Vjezba_04\Debug\cl.command.1.tlog
C:\Users\Marko\Google disk\School\07012 Strukture podataka i algoritmi\Vjezbe_02\Vjezba_04\Debug\CL.read.1.tlog
C:\Users\Marko\Google disk\School\07012 Strukture podataka i algoritmi\Vjezbe_02\Vjezba_04\Debug\CL.write.1.tlog
C:\Users\Marko\Google disk\School\07012 Strukture podataka i algoritmi\Vjezbe_02\Vjezba_04\Debug\link-cvtres.read.1.tlog
C:\Users\Marko\Google disk\School\07012 Strukture podataka i algoritmi\Vjezbe_02\Vjezba_04\Debug\link-cvtres.write.1.tlog
C:\Users\Marko\Google disk\School\07012 Strukture podataka i algoritmi\Vjezbe_02\Vjezba_04\Debug\link-rc.read.1.tlog
C:\Users\Marko\Google disk\School\07012 Strukture podataka i algoritmi\Vjezbe_02\Vjezba_04\Debug\link-rc.write.1.tlog
C:\Users\Marko\Google disk\School\07012 Strukture podataka i algoritmi\Vjezbe_02\Vjezba_04\Debug\link.command.1.tlog
C:\Users\Marko\Google disk\School\07012 Strukture podataka i algoritmi\Vjezbe_02\Vjezba_04\Debug\link.read.1.tlog
C:\Users\Marko\Google disk\School\07012 Strukture podataka i algoritmi\Vjezbe_02\Vjezba_04\Debug\link.write.1.tlog
C:\Users\Marko\Google disk\School\07012 Strukture podataka i algoritmi\Vjezbe_02\Vjezba_04\Debug\vc110.idb
C:\Users\Marko\Google disk\School\07012 Strukture podataka i algoritmi\Vjezbe_02\Vjezba_04\Debug\vc110.pdb
C:\Users\Marko\Google disk\School\07012 Strukture podataka i algoritmi\Vjezbe_02\Debug\Vjezba_04.pdb
C:\Users\Marko\Google disk\School\07012 Strukture podataka i algoritmi\Vjezbe_02\Debug\Vjezba_04.exe
C:\Users\Marko\Google disk\School\07012 Strukture podataka i algoritmi\Vjezbe_02\Debug\Vjezba_04.ilk
