Build started 31/3/15 22:48:36.
     1>Project "C:\Users\Marko\Google disk\School\07012 Strukture podataka i algoritmi\Vjezbe_02\Vjezba_02\Vjezba_02.vcxproj" on node 3 (Build target(s)).
     1>ClCompile:
         C:\Program Files (x86)\Microsoft Visual Studio 11.0\VC\bin\CL.exe /c /ZI /nologo /W3 /WX- /sdl /Od /Oy- /D WIN32 /D _DEBUG /D _CONSOLE /D _UNICODE /D UNICODE /Gm /EHsc /RTC1 /MDd /GS /fp:precise /Zc:wchar_t /Zc:forScope /Fo"Debug\\" /Fd"Debug\vc110.pdb" /Gd /TP /analyze- /errorReport:prompt funkcije_za_sortiranje.cpp high_res_timer.cpp main.cpp
         main.cpp
     1>c:\users\marko\google disk\school\07012 strukture podataka i algoritmi\vjezbe_02\vjezba_02\main.cpp(20): warning C4244: 'argument' : conversion from 'time_t' to 'unsigned int', possible loss of data
     1>c:\users\marko\google disk\school\07012 strukture podataka i algoritmi\vjezbe_02\vjezba_02\main.cpp(63): warning C4101: 'twentyThou' : unreferenced local variable
     1>c:\users\marko\google disk\school\07012 strukture podataka i algoritmi\vjezbe_02\vjezba_02\main.cpp(61): warning C4101: 'thou' : unreferenced local variable
     1>c:\users\marko\google disk\school\07012 strukture podataka i algoritmi\vjezbe_02\vjezba_02\main.cpp(62): warning C4101: 'tenThou' : unreferenced local variable
         high_res_timer.cpp
         funkcije_za_sortiranje.cpp
         Generating Code...
       Link:
         C:\Program Files (x86)\Microsoft Visual Studio 11.0\VC\bin\link.exe /ERRORREPORT:PROMPT /OUT:"C:\Users\Marko\Google disk\School\07012 Strukture podataka i algoritmi\Vjezbe_02\Debug\Vjezba_02.exe" /INCREMENTAL /NOLOGO kernel32.lib user32.lib gdi32.lib winspool.lib comdlg32.lib advapi32.lib shell32.lib ole32.lib oleaut32.lib uuid.lib odbc32.lib odbccp32.lib /MANIFEST /MANIFESTUAC:"level='asInvoker' uiAccess='false'" /manifest:embed /DEBUG /PDB:"C:\Users\Marko\Google disk\School\07012 Strukture podataka i algoritmi\Vjezbe_02\Debug\Vjezba_02.pdb" /SUBSYSTEM:CONSOLE /TLBID:1 /DYNAMICBASE /NXCOMPAT /IMPLIB:"C:\Users\Marko\Google disk\School\07012 Strukture podataka i algoritmi\Vjezbe_02\Debug\Vjezba_02.lib" /MACHINE:X86 Debug\funkcije_za_sortiranje.obj
         Debug\high_res_timer.obj
         Debug\main.obj
         Vjezba_02.vcxproj -> C:\Users\Marko\Google disk\School\07012 Strukture podataka i algoritmi\Vjezbe_02\Debug\Vjezba_02.exe
     1>Done Building Project "C:\Users\Marko\Google disk\School\07012 Strukture podataka i algoritmi\Vjezbe_02\Vjezba_02\Vjezba_02.vcxproj" (Build target(s)).

Build succeeded.

Time Elapsed 00:00:02.28
